<?xml version="1.0" encoding="UTF-8"?>
<coverage generated="1696419914617" clover="3.2.0">
  <project timestamp="1696419914617" name="All files">
    <metrics statements="21" coveredstatements="1" conditionals="12" coveredconditionals="0" methods="3" coveredmethods="0" elements="36" coveredelements="1" complexity="0" loc="21" ncloc="21" packages="1" files="1" classes="1"/>
    <file name="getdiff.js" path="D:\Projects\Hexlet\frontend-project-46\src\getdiff.js">
      <metrics statements="21" coveredstatements="1" conditionals="12" coveredconditionals="0" methods="3" coveredmethods="0"/>
      <line num="3" count="1" type="stmt"/>
      <line num="4" count="0" type="stmt"/>
      <line num="12" count="0" type="stmt"/>
      <line num="13" count="0" type="cond" truecount="0" falsecount="2"/>
      <line num="14" count="0" type="stmt"/>
      <line num="15" count="0" type="cond" truecount="0" falsecount="2"/>
      <line num="16" count="0" type="stmt"/>
      <line num="17" count="0" type="cond" truecount="0" falsecount="2"/>
      <line num="18" count="0" type="stmt"/>
      <line num="22" count="0" type="stmt"/>
      <line num="24" count="0" type="stmt"/>
      <line num="25" count="0" type="stmt"/>
      <line num="26" count="0" type="stmt"/>
      <line num="29" count="0" type="cond" truecount="0" falsecount="2"/>
      <line num="30" count="0" type="stmt"/>
      <line num="31" count="0" type="cond" truecount="0" falsecount="2"/>
      <line num="32" count="0" type="stmt"/>
      <line num="33" count="0" type="cond" truecount="0" falsecount="2"/>
      <line num="34" count="0" type="stmt"/>
      <line num="36" count="0" type="stmt"/>
      <line num="40" count="0" type="stmt"/>
    </file>
  </project>
</coverage>
