{"D:\\Projects\\Hexlet\\frontend-project-46\\src\\getdiff.js": {"path":"D:\\Projects\\Hexlet\\frontend-project-46\\src\\getdiff.js","statementMap":{"0":{"start":{"line":3,"column":16},"end":{"line":41,"column":1}},"1":{"start":{"line":4,"column":21},"end":{"line":4,"column":78}},"2":{"start":{"line":12,"column":21},"end":{"line":23,"column":4}},"3":{"start":{"line":13,"column":4},"end":{"line":15,"column":5}},"4":{"start":{"line":14,"column":6},"end":{"line":14,"column":57}},"5":{"start":{"line":15,"column":6},"end":{"line":17,"column":5}},"6":{"start":{"line":16,"column":6},"end":{"line":16,"column":59}},"7":{"start":{"line":17,"column":6},"end":{"line":21,"column":5}},"8":{"start":{"line":18,"column":6},"end":{"line":20,"column":8}},"9":{"start":{"line":22,"column":4},"end":{"line":22,"column":59}},"10":{"start":{"line":24,"column":2},"end":{"line":24,"column":26}},"11":{"start":{"line":25,"column":15},"end":{"line":25,"column":17}},"12":{"start":{"line":26,"column":2},"end":{"line":38,"column":5}},"13":{"start":{"line":29,"column":4},"end":{"line":37,"column":5}},"14":{"start":{"line":30,"column":6},"end":{"line":30,"column":47}},"15":{"start":{"line":31,"column":11},"end":{"line":37,"column":5}},"16":{"start":{"line":32,"column":6},"end":{"line":32,"column":47}},"17":{"start":{"line":33,"column":11},"end":{"line":37,"column":5}},"18":{"start":{"line":34,"column":6},"end":{"line":34,"column":70}},"19":{"start":{"line":36,"column":6},"end":{"line":36,"column":47}},"20":{"start":{"line":40,"column":2},"end":{"line":40,"column":22}}},"fnMap":{"0":{"name":"(anonymous_0)","decl":{"start":{"line":3,"column":16},"end":{"line":3,"column":17}},"loc":{"start":{"line":3,"column":34},"end":{"line":41,"column":1}},"line":3},"1":{"name":"(anonymous_1)","decl":{"start":{"line":12,"column":36},"end":{"line":12,"column":37}},"loc":{"start":{"line":12,"column":45},"end":{"line":23,"column":3}},"line":12},"2":{"name":"(anonymous_2)","decl":{"start":{"line":26,"column":21},"end":{"line":26,"column":22}},"loc":{"start":{"line":28,"column":8},"end":{"line":38,"column":3}},"line":28}},"branchMap":{"0":{"loc":{"start":{"line":13,"column":4},"end":{"line":15,"column":5}},"type":"if","locations":[{"start":{"line":13,"column":4},"end":{"line":15,"column":5}},{"start":{},"end":{}}],"line":13},"1":{"loc":{"start":{"line":15,"column":6},"end":{"line":17,"column":5}},"type":"if","locations":[{"start":{"line":15,"column":6},"end":{"line":17,"column":5}},{"start":{},"end":{}}],"line":15},"2":{"loc":{"start":{"line":17,"column":6},"end":{"line":21,"column":5}},"type":"if","locations":[{"start":{"line":17,"column":6},"end":{"line":21,"column":5}},{"start":{},"end":{}}],"line":17},"3":{"loc":{"start":{"line":29,"column":4},"end":{"line":37,"column":5}},"type":"if","locations":[{"start":{"line":29,"column":4},"end":{"line":37,"column":5}},{"start":{"line":31,"column":11},"end":{"line":37,"column":5}}],"line":29},"4":{"loc":{"start":{"line":31,"column":11},"end":{"line":37,"column":5}},"type":"if","locations":[{"start":{"line":31,"column":11},"end":{"line":37,"column":5}},{"start":{"line":33,"column":11},"end":{"line":37,"column":5}}],"line":31},"5":{"loc":{"start":{"line":33,"column":11},"end":{"line":37,"column":5}},"type":"if","locations":[{"start":{"line":33,"column":11},"end":{"line":37,"column":5}},{"start":{"line":35,"column":11},"end":{"line":37,"column":5}}],"line":33}},"s":{"0":1,"1":0,"2":0,"3":0,"4":0,"5":0,"6":0,"7":0,"8":0,"9":0,"10":0,"11":0,"12":0,"13":0,"14":0,"15":0,"16":0,"17":0,"18":0,"19":0,"20":0},"f":{"0":0,"1":0,"2":0},"b":{"0":[0,0],"1":[0,0],"2":[0,0],"3":[0,0],"4":[0,0],"5":[0,0]},"_coverageSchema":"1a1c01bbd47fc00a2c39e90264f33305004495a9","hash":"8c60d66f605f5d78d9a5f8290085254c37228a76"}
}
