{"D:\\Projects\\Hexlet\\frontend-project-46\\__fixtures__\\test-result.js": {"path":"D:\\Projects\\Hexlet\\frontend-project-46\\__fixtures__\\test-result.js","statementMap":{"0":{"start":{"line":1,"column":27},"end":{"line":8,"column":2}}},"fnMap":{},"branchMap":{},"s":{"0":1},"f":{},"b":{},"_coverageSchema":"1a1c01bbd47fc00a2c39e90264f33305004495a9","hash":"c9428264bf8e56b4b890ebc9c95e85818e3eedf2"}
,"D:\\Projects\\Hexlet\\frontend-project-46\\src\\getdiff.js": {"path":"D:\\Projects\\Hexlet\\frontend-project-46\\src\\getdiff.js","statementMap":{"0":{"start":{"line":3,"column":16},"end":{"line":39,"column":1}},"1":{"start":{"line":4,"column":19},"end":{"line":4,"column":36}},"2":{"start":{"line":5,"column":19},"end":{"line":5,"column":36}},"3":{"start":{"line":6,"column":20},"end":{"line":6,"column":47}},"4":{"start":{"line":7,"column":21},"end":{"line":7,"column":40}},"5":{"start":{"line":9,"column":21},"end":{"line":20,"column":4}},"6":{"start":{"line":10,"column":4},"end":{"line":12,"column":5}},"7":{"start":{"line":11,"column":6},"end":{"line":11,"column":56}},"8":{"start":{"line":12,"column":6},"end":{"line":14,"column":5}},"9":{"start":{"line":13,"column":6},"end":{"line":13,"column":58}},"10":{"start":{"line":14,"column":6},"end":{"line":18,"column":5}},"11":{"start":{"line":15,"column":6},"end":{"line":17,"column":8}},"12":{"start":{"line":19,"column":4},"end":{"line":19,"column":58}},"13":{"start":{"line":21,"column":2},"end":{"line":21,"column":26}},"14":{"start":{"line":22,"column":15},"end":{"line":22,"column":17}},"15":{"start":{"line":23,"column":2},"end":{"line":35,"column":5}},"16":{"start":{"line":26,"column":4},"end":{"line":34,"column":5}},"17":{"start":{"line":27,"column":6},"end":{"line":27,"column":47}},"18":{"start":{"line":28,"column":11},"end":{"line":34,"column":5}},"19":{"start":{"line":29,"column":6},"end":{"line":29,"column":47}},"20":{"start":{"line":30,"column":11},"end":{"line":34,"column":5}},"21":{"start":{"line":31,"column":6},"end":{"line":31,"column":70}},"22":{"start":{"line":33,"column":6},"end":{"line":33,"column":47}},"23":{"start":{"line":36,"column":2},"end":{"line":36,"column":27}},"24":{"start":{"line":37,"column":2},"end":{"line":37,"column":22}},"25":{"start":{"line":38,"column":2},"end":{"line":38,"column":16}}},"fnMap":{"0":{"name":"(anonymous_0)","decl":{"start":{"line":3,"column":16},"end":{"line":3,"column":17}},"loc":{"start":{"line":3,"column":32},"end":{"line":39,"column":1}},"line":3},"1":{"name":"(anonymous_1)","decl":{"start":{"line":9,"column":36},"end":{"line":9,"column":37}},"loc":{"start":{"line":9,"column":45},"end":{"line":20,"column":3}},"line":9},"2":{"name":"(anonymous_2)","decl":{"start":{"line":23,"column":21},"end":{"line":23,"column":22}},"loc":{"start":{"line":25,"column":8},"end":{"line":35,"column":3}},"line":25}},"branchMap":{"0":{"loc":{"start":{"line":10,"column":4},"end":{"line":12,"column":5}},"type":"if","locations":[{"start":{"line":10,"column":4},"end":{"line":12,"column":5}},{"start":{},"end":{}}],"line":10},"1":{"loc":{"start":{"line":12,"column":6},"end":{"line":14,"column":5}},"type":"if","locations":[{"start":{"line":12,"column":6},"end":{"line":14,"column":5}},{"start":{},"end":{}}],"line":12},"2":{"loc":{"start":{"line":14,"column":6},"end":{"line":18,"column":5}},"type":"if","locations":[{"start":{"line":14,"column":6},"end":{"line":18,"column":5}},{"start":{},"end":{}}],"line":14},"3":{"loc":{"start":{"line":26,"column":4},"end":{"line":34,"column":5}},"type":"if","locations":[{"start":{"line":26,"column":4},"end":{"line":34,"column":5}},{"start":{"line":28,"column":11},"end":{"line":34,"column":5}}],"line":26},"4":{"loc":{"start":{"line":28,"column":11},"end":{"line":34,"column":5}},"type":"if","locations":[{"start":{"line":28,"column":11},"end":{"line":34,"column":5}},{"start":{"line":30,"column":11},"end":{"line":34,"column":5}}],"line":28},"5":{"loc":{"start":{"line":30,"column":11},"end":{"line":34,"column":5}},"type":"if","locations":[{"start":{"line":30,"column":11},"end":{"line":34,"column":5}},{"start":{"line":32,"column":11},"end":{"line":34,"column":5}}],"line":30}},"s":{"0":1,"1":1,"2":1,"3":1,"4":1,"5":1,"6":5,"7":1,"8":4,"9":2,"10":2,"11":1,"12":1,"13":1,"14":1,"15":1,"16":5,"17":1,"18":4,"19":2,"20":2,"21":1,"22":1,"23":1,"24":1,"25":1},"f":{"0":1,"1":5,"2":5},"b":{"0":[1,4],"1":[2,2],"2":[1,1],"3":[1,4],"4":[2,2],"5":[1,1]},"_coverageSchema":"1a1c01bbd47fc00a2c39e90264f33305004495a9","hash":"664afb249538d9fe14324cc6e4d1eeed6f032ade"}
,"D:\\Projects\\Hexlet\\frontend-project-46\\src\\index.js": {"path":"D:\\Projects\\Hexlet\\frontend-project-46\\src\\index.js","statementMap":{"0":{"start":{"line":7,"column":20},"end":{"line":7,"column":48}},"1":{"start":{"line":7,"column":30},"end":{"line":7,"column":48}},"2":{"start":{"line":8,"column":19},"end":{"line":8,"column":51}},"3":{"start":{"line":8,"column":29},"end":{"line":8,"column":51}},"4":{"start":{"line":10,"column":16},"end":{"line":20,"column":1}},"5":{"start":{"line":11,"column":20},"end":{"line":11,"column":41}},"6":{"start":{"line":12,"column":20},"end":{"line":12,"column":41}},"7":{"start":{"line":13,"column":23},"end":{"line":13,"column":45}},"8":{"start":{"line":14,"column":23},"end":{"line":14,"column":45}},"9":{"start":{"line":15,"column":28},"end":{"line":15,"column":63}},"10":{"start":{"line":16,"column":28},"end":{"line":16,"column":63}},"11":{"start":{"line":17,"column":21},"end":{"line":17,"column":66}},"12":{"start":{"line":19,"column":2},"end":{"line":19,"column":20}}},"fnMap":{"0":{"name":"(anonymous_0)","decl":{"start":{"line":7,"column":20},"end":{"line":7,"column":21}},"loc":{"start":{"line":7,"column":30},"end":{"line":7,"column":48}},"line":7},"1":{"name":"(anonymous_1)","decl":{"start":{"line":8,"column":19},"end":{"line":8,"column":20}},"loc":{"start":{"line":8,"column":29},"end":{"line":8,"column":51}},"line":8},"2":{"name":"(anonymous_2)","decl":{"start":{"line":10,"column":16},"end":{"line":10,"column":17}},"loc":{"start":{"line":10,"column":42},"end":{"line":20,"column":1}},"line":10}},"branchMap":{},"s":{"0":1,"1":2,"2":1,"3":2,"4":1,"5":1,"6":1,"7":1,"8":1,"9":1,"10":1,"11":1,"12":1},"f":{"0":2,"1":2,"2":1},"b":{},"_coverageSchema":"1a1c01bbd47fc00a2c39e90264f33305004495a9","hash":"8585986e88220bf1cca7d709830f13956ecc1614"}
,"D:\\Projects\\Hexlet\\frontend-project-46\\src\\parser.js": {"path":"D:\\Projects\\Hexlet\\frontend-project-46\\src\\parser.js","statementMap":{"0":{"start":{"line":1,"column":19},"end":{"line":10,"column":1}},"1":{"start":{"line":2,"column":2},"end":{"line":9,"column":3}},"2":{"start":{"line":4,"column":6},"end":{"line":4,"column":34}},"3":{"start":{"line":6,"column":6},"end":{"line":6,"column":20}},"4":{"start":{"line":8,"column":6},"end":{"line":8,"column":58}}},"fnMap":{"0":{"name":"(anonymous_0)","decl":{"start":{"line":1,"column":19},"end":{"line":1,"column":20}},"loc":{"start":{"line":1,"column":44},"end":{"line":10,"column":1}},"line":1}},"branchMap":{"0":{"loc":{"start":{"line":2,"column":2},"end":{"line":9,"column":3}},"type":"switch","locations":[{"start":{"line":3,"column":4},"end":{"line":4,"column":34}},{"start":{"line":5,"column":4},"end":{"line":6,"column":20}},{"start":{"line":7,"column":4},"end":{"line":8,"column":58}}],"line":2}},"s":{"0":1,"1":2,"2":2,"3":0,"4":0},"f":{"0":2},"b":{"0":[2,0,0]},"_coverageSchema":"1a1c01bbd47fc00a2c39e90264f33305004495a9","hash":"b1930363a547973193746d77251211db90149118"}
}
