TN:
SF:__fixtures__\test-result.js
FNF:0
FNH:0
DA:1,1
LF:1
LH:1
BRF:0
BRH:0
end_of_record
TN:
SF:src\getdiff.js
FN:3,(anonymous_0)
FN:9,(anonymous_1)
FN:23,(anonymous_2)
FNF:3
FNH:3
FNDA:1,(anonymous_0)
FNDA:5,(anonymous_1)
FNDA:5,(anonymous_2)
DA:3,1
DA:4,1
DA:5,1
DA:6,1
DA:7,1
DA:9,1
DA:10,5
DA:11,1
DA:12,4
DA:13,2
DA:14,2
DA:15,1
DA:19,1
DA:21,1
DA:22,1
DA:23,1
DA:26,5
DA:27,1
DA:28,4
DA:29,2
DA:30,2
DA:31,1
DA:33,1
DA:36,1
DA:37,1
DA:38,1
LF:26
LH:26
BRDA:10,0,0,1
BRDA:10,0,1,4
BRDA:12,1,0,2
BRDA:12,1,1,2
BRDA:14,2,0,1
BRDA:14,2,1,1
BRDA:26,3,0,1
BRDA:26,3,1,4
BRDA:28,4,0,2
BRDA:28,4,1,2
BRDA:30,5,0,1
BRDA:30,5,1,1
BRF:12
BRH:12
end_of_record
TN:
SF:src\index.js
FN:7,(anonymous_0)
FN:8,(anonymous_1)
FN:10,(anonymous_2)
FNF:3
FNH:3
FNDA:2,(anonymous_0)
FNDA:2,(anonymous_1)
FNDA:1,(anonymous_2)
DA:7,2
DA:8,2
DA:10,1
DA:11,1
DA:12,1
DA:13,1
DA:14,1
DA:15,1
DA:16,1
DA:17,1
DA:19,1
LF:11
LH:11
BRF:0
BRH:0
end_of_record
TN:
SF:src\parser.js
FN:1,(anonymous_0)
FNF:1
FNH:1
FNDA:2,(anonymous_0)
DA:1,1
DA:2,2
DA:4,2
DA:6,0
DA:8,0
LF:5
LH:3
BRDA:2,0,0,2
BRDA:2,0,1,0
BRDA:2,0,2,0
BRF:3
BRH:1
end_of_record
